<?xml version="1.0" encoding="UTF-8"?>
<testsuite xmlns:xsi="http://www.w3.org/2001/XMLSchema-instance" xsi:noNamespaceSchemaLocation="https://maven.apache.org/surefire/maven-surefire-plugin/xsd/surefire-test-report-3.0.xsd" version="3.0" name="io.kyso.api.IndexerApiTest" time="3.091" tests="1" errors="0" skipped="0" failures="0">
  <properties>
[...]
</properties>
  <testcase name="testHelloEndpoint" classname="io.kyso.api.IndexerApiTest" time="0.855">
    <system-out><![CDATA[2022-05-01 18:46:13,809 INFO  [org.jbo.threads] (main) JBoss Threads version 3.4.2.Final
2022-05-01 18:46:14,551 INFO  [io.quarkus] (main) Quarkus 2.8.1.Final on JVM started in 0.974s. Listening on: http://localhost:8081
2022-05-01 18:46:14,552 INFO  [io.quarkus] (main) Profile test activated. 
2022-05-01 18:46:14,552 INFO  [io.quarkus] (main) Installed features: [cdi, resteasy-reactive, scheduler, smallrye-context-propagation, vertx]
2022-05-01 18:46:15,001 INFO  [io.kys.api.TaskSchedulerBean] (executor-thread-0) Processing file /indexer-tmp/20220501_183035363.indexer
Processing file: /data/lightside/protected-team/reports/genomic-mutation-ratioss/1
Using: http://localhost:9200
------------> Reading kyso file /data/lightside/protected-team/reports/genomic-mutation-ratioss/1/kyso.yaml
------------> Processing file /data/lightside/protected-team/reports/genomic-mutation-ratioss/1/ks-plot.html
2022-05-01 18:46:15,137 WARNING [org.apa.tik.par.PDFParser] (executor-thread-0) JBIG2ImageReader not loaded. jbig2 files will be ignored
See https://pdfbox.apache.org/2.0/dependencies.html#jai-image-io
for optional dependencies.
TIFFImageWriter not loaded. tiff files will not be processed
See https://pdfbox.apache.org/2.0/dependencies.html#jai-image-io
for optional dependencies.
J2KImageReader not loaded. JPEG2000 files will not be processed.
See https://pdfbox.apache.org/2.0/dependencies.html#jai-image-io
for optional dependencies.

2022-05-01 18:46:15,153 WARNING [org.apa.tik.par.SQLite3Parser] (executor-thread-0) org.xerial's sqlite-jdbc is not loaded.
Please provide the jar on your classpath to parse sqlite files.
See tika-parsers/pom.xml for the correct version.
]]></system-out>
  </testcase>
</testsuite>